Build started 23.07.2015 18:14:38.
     1>Project "C:\Users\Ildar\Documents\Visual Studio 2013\Projects\CAIPLib\samples\NoiseFiltering\NoiseFiltering.vcxproj" on node 3 (Build target(s)).
     1>AddCudaCompileDeps:
         C:\Program Files (x86)\Microsoft Visual Studio 12.0\VC\bin\x86_amd64\cl.exe /E /nologo /showIncludes /TP /D__CUDACC__ /DWIN32 /DWIN64 /D_DEBUG /D_CONSOLE /D_MBCS /I"C:\Program Files\NVIDIA GPU Computing Toolkit\CUDA\v7.0\include" /I"C:\Program Files\NVIDIA GPU Computing Toolkit\CUDA\v7.0\bin" /I"C:\Program Files\NVIDIA GPU Computing Toolkit\CUDA\v7.0\include" /I. /FIcuda_runtime.h /c "C:\Users\Ildar\Documents\Visual Studio 2013\Projects\CAIPLib\samples\NoiseFiltering\main.cu" 
       CudaBuild:
         Compiling CUDA source file main.cu...
         cmd.exe /C "C:\Users\Ildar\AppData\Local\Temp\tmp39fd8c5cec50432b881b4026d2603b33.cmd"
         "C:\Program Files\NVIDIA GPU Computing Toolkit\CUDA\v7.0\bin\nvcc.exe" -gencode=arch=compute_20,code=\"sm_20,compute_20\" --use-local-env --cl-version 2013 -ccbin "C:\Program Files (x86)\Microsoft Visual Studio 12.0\VC\bin\x86_amd64"  -I"C:\Program Files\NVIDIA GPU Computing Toolkit\CUDA\v7.0\include" -I"C:\Program Files\NVIDIA GPU Computing Toolkit\CUDA\v7.0\include"  -G   --keep-dir x64\Debug -maxrregcount=0  --machine 64 --compile -cudart static  -g   -DWIN32 -DWIN64 -D_DEBUG -D_CONSOLE -D_MBCS -Xcompiler "/EHsc /W3 /nologo /Od /Zi /RTC1 /MDd  " -o x64\Debug\main.cu.obj "C:\Users\Ildar\Documents\Visual Studio 2013\Projects\CAIPLib\samples\NoiseFiltering\main.cu"
         
         C:\Users\Ildar\Documents\Visual Studio 2013\Projects\CAIPLib\samples\NoiseFiltering>"C:\Program Files\NVIDIA GPU Computing Toolkit\CUDA\v7.0\bin\nvcc.exe" -gencode=arch=compute_20,code=\"sm_20,compute_20\" --use-local-env --cl-version 2013 -ccbin "C:\Program Files (x86)\Microsoft Visual Studio 12.0\VC\bin\x86_amd64"  -I"C:\Program Files\NVIDIA GPU Computing Toolkit\CUDA\v7.0\include" -I"C:\Program Files\NVIDIA GPU Computing Toolkit\CUDA\v7.0\include"  -G   --keep-dir x64\Debug -maxrregcount=0  --machine 64 --compile -cudart static  -g   -DWIN32 -DWIN64 -D_DEBUG -D_CONSOLE -D_MBCS -Xcompiler "/EHsc /W3 /nologo /Od /Zi /RTC1 /MDd  " -o x64\Debug\main.cu.obj "C:\Users\Ildar\Documents\Visual Studio 2013\Projects\CAIPLib\samples\NoiseFiltering\main.cu" 
         main.cu
       Link:
         C:\Program Files (x86)\Microsoft Visual Studio 12.0\VC\bin\x86_amd64\link.exe /ERRORREPORT:PROMPT /OUT:"C:\Users\Ildar\documents\visual studio 2013\Projects\CAIPLib\bin\Debug\x64\NoiseFiltering.exe" /INCREMENTAL /NOLOGO /LIBPATH:"C:\Program Files\NVIDIA GPU Computing Toolkit\CUDA\v7.0\lib\x64" cudart.lib kernel32.lib user32.lib gdi32.lib winspool.lib comdlg32.lib advapi32.lib shell32.lib ole32.lib oleaut32.lib uuid.lib odbc32.lib odbccp32.lib kernel32.lib user32.lib gdi32.lib winspool.lib comdlg32.lib advapi32.lib shell32.lib ole32.lib oleaut32.lib uuid.lib odbc32.lib odbccp32.lib /MANIFEST /MANIFESTUAC:"level='asInvoker' uiAccess='false'" /manifest:embed /DEBUG /PDB:"C:\Users\Ildar\documents\visual studio 2013\Projects\CAIPLib\bin\Debug\x64\NoiseFiltering.pdb" /SUBSYSTEM:CONSOLE /TLBID:1 /DYNAMICBASE /NXCOMPAT /IMPLIB:"C:\Users\Ildar\documents\visual studio 2013\Projects\CAIPLib\bin\Debug\x64\NoiseFiltering.lib" /MACHINE:X64 x64\Debug\main.cu.obj
            Creating library C:\Users\Ildar\documents\visual studio 2013\Projects\CAIPLib\bin\Debug\x64\NoiseFiltering.lib and object C:\Users\Ildar\documents\visual studio 2013\Projects\CAIPLib\bin\Debug\x64\NoiseFiltering.exp
         NoiseFiltering.vcxproj -> C:\Users\Ildar\documents\visual studio 2013\Projects\CAIPLib\bin\Debug\x64\NoiseFiltering.exe
       PostBuildEvent:
         echo copy "C:\Program Files\NVIDIA GPU Computing Toolkit\CUDA\v7.0\bin\cudart*.dll" "C:\Users\Ildar\documents\visual studio 2013\Projects\CAIPLib\bin\Debug\x64\"
         copy "C:\Program Files\NVIDIA GPU Computing Toolkit\CUDA\v7.0\bin\cudart*.dll" "C:\Users\Ildar\documents\visual studio 2013\Projects\CAIPLib\bin\Debug\x64\"
         :VCEnd
         copy "C:\Program Files\NVIDIA GPU Computing Toolkit\CUDA\v7.0\bin\cudart*.dll" "C:\Users\Ildar\documents\visual studio 2013\Projects\CAIPLib\bin\Debug\x64\"
         C:\Program Files\NVIDIA GPU Computing Toolkit\CUDA\v7.0\bin\cudart32_70.dll
         C:\Program Files\NVIDIA GPU Computing Toolkit\CUDA\v7.0\bin\cudart64_70.dll
         Скопировано файлов:         2.
     1>Done Building Project "C:\Users\Ildar\Documents\Visual Studio 2013\Projects\CAIPLib\samples\NoiseFiltering\NoiseFiltering.vcxproj" (Build target(s)).

Build succeeded.

Time Elapsed 00:00:09.48
